Arguments: 
  C:\Program Files\nodejs\node.exe C:\Users\Muhammad Inzamam\AppData\Roaming\npm\node_modules\yarn\bin\yarn.js install

PATH: 
  C:\Python39\Scripts\;C:\Python39\;C:\Windows\system32;C:\Windows;C:\Windows\System32\Wbem;C:\Windows\System32\WindowsPowerShell\v1.0\;C:\Windows\System32\OpenSSH\;C:\Program Files\Microsoft VS Code\bin;C:\ProgramData\chocolatey\bin;C:\Program Files\Git\cmd;C:\Program Files\nodejs\;C:\Users\Muhammad Inzamam\AppData\Local\Programs\Python\Python38-32\Scripts\;C:\Users\Muhammad Inzamam\AppData\Local\Programs\Python\Python38-32\;C:\Users\Muhammad Inzamam\AppData\Local\Microsoft\WindowsApps;C:\Users\Muhammad Inzamam\AppData\Local\GitHubDesktop\bin;C:\Users\Muhammad Inzamam\AppData\Roaming\npm

Yarn version: 
  1.22.10

Node version: 
  14.13.1

Platform: 
  win32 x64

Trace: 
  SyntaxError: D:\githubRepo\liquidity-staker\package.json: Unexpected string in JSON at position 137
      at JSON.parse (<anonymous>)
      at C:\Users\Muhammad Inzamam\AppData\Roaming\npm\node_modules\yarn\lib\cli.js:1625:59
      at Generator.next (<anonymous>)
      at step (C:\Users\Muhammad Inzamam\AppData\Roaming\npm\node_modules\yarn\lib\cli.js:310:30)
      at C:\Users\Muhammad Inzamam\AppData\Roaming\npm\node_modules\yarn\lib\cli.js:321:13

npm manifest: 
  {
    "name": "@aidigitaldreamers/liquidity-staker",
    "version": "1.0.2",
    "author": "Noah Zinsmeister",
  "license": "GPL-3.0-or-later"
    "repository": {
      "type": "git",
      "url": "https://github.com/aidigidreamers/liquidity-staker"
    },
    "files": [
      "build"
    ],
    "engines": {
      "node": ">=10"
    },
    "scripts": {
      "precompile": "rimraf ./build/",
      "compile": "waffle",
      "pretest": "yarn compile",
      "test": "mocha",
      "lint": "prettier ./test/**/*.ts --check",
      "prepublishOnly": "yarn test"
    },
    "dependencies": {
      "openzeppelin-solidity-2.3.0": "npm:openzeppelin-solidity@2.3.0"
    },
    "devDependencies": {
      "@types/chai": "^4.2.12",
      "@types/mocha": "^8.0.3",
      "@aidigitaldreamers/v1-core": "^1.0.3",
      "chai": "^4.2.0",
      "ethereum-waffle": "^3.1.0",
      "ethereumjs-util": "^7.0.5",
      "mocha": "^8.1.3",
      "prettier": "^2.1.1",
      "rimraf": "^3.0.2",
      "solc": "0.5.16",
      "ts-node": "^9.0.0",
      "typescript": "^4.0.2"
    }
  }

yarn manifest: 
  No manifest

Lockfile: 
  No lockfile
